<?xml version="1.0" encoding="UTF-8"?>
<!-- Generated by org.testng.reporters.JUnitReportReporter -->
<testsuite hostname="NIBLP1583" failures="0" tests="1" name="com.example.selenium_automation.NewTest" time="1.090" errors="0" timestamp="2024-11-26T16:40:03 IST" skipped="0">
  <testcase classname="com.example.selenium_automation.NewTest" name="testGoogleTitle" time="1.090"/>
</testsuite> <!-- com.example.selenium_automation.NewTest -->
